  lab1.4(2).cpp
D:\c++\lab oop\lab1.4(2)\mod_lab14.h(4,12): error C3646: 'name': unknown override specifier
D:\c++\lab oop\lab1.4(2)\mod_lab14.h(4,16): error C4430: missing type specifier - int assumed. Note: C++ does not support default-int
D:\c++\lab oop\lab1.4(2)\mod_lab14.h(5,12): error C3646: 'type': unknown override specifier
D:\c++\lab oop\lab1.4(2)\mod_lab14.h(5,16): error C4430: missing type specifier - int assumed. Note: C++ does not support default-int
D:\c++\lab oop\lab1.4(2)\mod_lab14.h(9,9): error C2065: 'cout': undeclared identifier
D:\c++\lab oop\lab1.4(2)\mod_lab14.h(9,42): error C2065: 'endl': undeclared identifier
D:\c++\lab oop\lab1.4(2)\mod_lab14.h(10,9): error C2065: 'cin': undeclared identifier
D:\c++\lab oop\lab1.4(2)\mod_lab14.h(10,16): error C2065: 'name': undeclared identifier
D:\c++\lab oop\lab1.4(2)\mod_lab14.h(11,9): error C2065: 'cout': undeclared identifier
D:\c++\lab oop\lab1.4(2)\mod_lab14.h(11,42): error C2065: 'endl': undeclared identifier
D:\c++\lab oop\lab1.4(2)\mod_lab14.h(12,9): error C2065: 'cin': undeclared identifier
D:\c++\lab oop\lab1.4(2)\mod_lab14.h(12,16): error C2065: 'type': undeclared identifier
D:\c++\lab oop\lab1.4(2)\mod_lab14.h(13,9): error C2065: 'cout': undeclared identifier
D:\c++\lab oop\lab1.4(2)\mod_lab14.h(13,31): error C2065: 'endl': undeclared identifier
D:\c++\lab oop\lab1.4(2)\mod_lab14.h(14,9): error C2065: 'cin': undeclared identifier
D:\c++\lab oop\lab1.4(2)\mod_lab14.h(15,9): error C2065: 'cout': undeclared identifier
D:\c++\lab oop\lab1.4(2)\mod_lab14.h(15,36): error C2065: 'endl': undeclared identifier
D:\c++\lab oop\lab1.4(2)\mod_lab14.h(16,9): error C2065: 'cin': undeclared identifier
D:\c++\lab oop\lab1.4(2)\mod_lab14.h(20,9): error C2065: 'cout': undeclared identifier
D:\c++\lab oop\lab1.4(2)\mod_lab14.h(20,40): error C2065: 'endl': undeclared identifier
D:\c++\lab oop\lab1.4(2)\mod_lab14.h(21,9): error C2065: 'cout': undeclared identifier
D:\c++\lab oop\lab1.4(2)\mod_lab14.h(21,29): error C2065: 'name': undeclared identifier
D:\c++\lab oop\lab1.4(2)\mod_lab14.h(21,37): error C2065: 'endl': undeclared identifier
D:\c++\lab oop\lab1.4(2)\mod_lab14.h(22,9): error C2065: 'cout': undeclared identifier
D:\c++\lab oop\lab1.4(2)\mod_lab14.h(22,31): error C2065: 'type': undeclared identifier
D:\c++\lab oop\lab1.4(2)\mod_lab14.h(22,39): error C2065: 'endl': undeclared identifier
D:\c++\lab oop\lab1.4(2)\mod_lab14.h(23,9): error C2065: 'cout': undeclared identifier
D:\c++\lab oop\lab1.4(2)\mod_lab14.h(23,47): error C2065: 'endl': undeclared identifier
D:\c++\lab oop\lab1.4(2)\mod_lab14.h(24,9): error C2065: 'cout': undeclared identifier
D:\c++\lab oop\lab1.4(2)\mod_lab14.h(24,39): error C2065: 'endl': undeclared identifier
D:\c++\lab oop\lab1.4(2)\mod_lab14.h(25,9): error C2065: 'cout': undeclared identifier
D:\c++\lab oop\lab1.4(2)\mod_lab14.h(25,40): error C2065: 'endl': undeclared identifier
D:\c++\lab oop\lab1.4(2)\mod_lab14.h(26,9): error C2065: 'cout': undeclared identifier
D:\c++\lab oop\lab1.4(2)\mod_lab14.h(26,17): error C2065: 'endl': undeclared identifier
D:\c++\lab oop\lab1.4(2)\mod_lab14.h(32,34): error C2061: syntax error: identifier 'string'
D:\c++\lab oop\lab1.4(2)\lab1.4(2).cpp(22,38): error C2660: 'if_there_is_it': function does not take 3 arguments
D:\c++\lab oop\lab1.4(2)\mod_lab14.h(32,6): message : see declaration of 'if_there_is_it'
